<?xml version="1.0" encoding="UTF-8"?>
<testng-results ignored="0" total="8" passed="6" failed="1" skipped="1">
  <reporter-output>
  </reporter-output>
  <suite started-at="2018-11-29T08:16:36Z" name="Positive TC" finished-at="2018-11-29T08:20:13Z" duration-ms="216954">
    <groups>
    </groups>
    <test started-at="2018-11-29T08:16:36Z" name="FlightOnly Test" finished-at="2018-11-29T08:16:36Z" duration-ms="7">
    </test> <!-- FlightOnly Test -->
    <test started-at="2018-11-29T08:16:36Z" name="First Preferences" finished-at="2018-11-29T08:17:21Z" duration-ms="44901">
      <class name="positiveTC.FirstPreferences">
        <test-method is-config="true" signature="initialize()[pri:0, instance:positiveTC.FirstPreferences@7e242b4d]" started-at="2018-11-29T08:16:36Z" name="initialize" finished-at="2018-11-29T08:16:48Z" duration-ms="11792" status="PASS">
          <reporter-output>
          </reporter-output>
        </test-method> <!-- initialize -->
        <test-method signature="firstPage()[pri:1, instance:positiveTC.FirstPreferences@7e242b4d]" started-at="2018-11-29T08:16:48Z" name="firstPage" finished-at="2018-11-29T08:16:51Z" duration-ms="2742" status="PASS">
          <reporter-output>
          </reporter-output>
        </test-method> <!-- firstPage -->
        <test-method signature="createAccount()[pri:2, instance:positiveTC.FirstPreferences@7e242b4d]" started-at="2018-11-29T08:16:51Z" name="createAccount" finished-at="2018-11-29T08:17:21Z" depends-on-methods="positiveTC.FirstPreferences.firstPage" duration-ms="30303" status="PASS">
          <reporter-output>
          </reporter-output>
        </test-method> <!-- createAccount -->
      </class> <!-- positiveTC.FirstPreferences -->
    </test> <!-- First Preferences -->
    <test started-at="2018-11-29T08:17:21Z" name="New transaction add" finished-at="2018-11-29T08:19:14Z" duration-ms="113195">
      <class name="positiveTC.NewTransactionAdd">
        <test-method is-config="true" signature="initialize()[pri:0, instance:positiveTC.NewTransactionAdd@2c1b9e4b]" started-at="2018-11-29T08:17:21Z" name="initialize" finished-at="2018-11-29T08:17:30Z" duration-ms="9394" status="PASS">
          <reporter-output>
          </reporter-output>
        </test-method> <!-- initialize -->
        <test-method signature="firstPage()[pri:1, instance:positiveTC.NewTransactionAdd@2c1b9e4b]" started-at="2018-11-29T08:17:30Z" name="firstPage" finished-at="2018-11-29T08:17:32Z" duration-ms="2205" status="PASS">
          <reporter-output>
          </reporter-output>
        </test-method> <!-- firstPage -->
        <test-method signature="createAccount()[pri:2, instance:positiveTC.NewTransactionAdd@2c1b9e4b]" started-at="2018-11-29T08:17:32Z" name="createAccount" finished-at="2018-11-29T08:18:02Z" depends-on-methods="positiveTC.NewTransactionAdd.firstPage" duration-ms="29456" status="PASS">
          <reporter-output>
          </reporter-output>
        </test-method> <!-- createAccount -->
        <test-method signature="newTransaction()[pri:3, instance:positiveTC.NewTransactionAdd@2c1b9e4b]" started-at="2018-11-29T08:18:02Z" name="newTransaction" finished-at="2018-11-29T08:19:14Z" depends-on-methods="positiveTC.NewTransactionAdd.createAccount" duration-ms="72135" status="PASS">
          <reporter-output>
          </reporter-output>
        </test-method> <!-- newTransaction -->
      </class> <!-- positiveTC.NewTransactionAdd -->
    </test> <!-- New transaction add -->
    <test started-at="2018-11-29T08:19:14Z" name="New transaction withdraw" finished-at="2018-11-29T08:20:13Z" duration-ms="58813">
      <class name="positiveTC.NewTransactionWithdraw">
        <test-method is-config="true" signature="initialize()[pri:0, instance:positiveTC.NewTransactionWithdraw@475835b1]" started-at="2018-11-29T08:19:14Z" name="initialize" finished-at="2018-11-29T08:19:26Z" duration-ms="11962" status="PASS">
          <reporter-output>
          </reporter-output>
        </test-method> <!-- initialize -->
        <test-method signature="firstPage()[pri:1, instance:positiveTC.NewTransactionWithdraw@475835b1]" started-at="2018-11-29T08:19:26Z" name="firstPage" finished-at="2018-11-29T08:19:28Z" duration-ms="2322" status="PASS">
          <reporter-output>
          </reporter-output>
        </test-method> <!-- firstPage -->
        <test-method signature="createAccount()[pri:2, instance:positiveTC.NewTransactionWithdraw@475835b1]" started-at="2018-11-29T08:19:28Z" name="createAccount" finished-at="2018-11-29T08:20:11Z" depends-on-methods="positiveTC.NewTransactionWithdraw.firstPage" duration-ms="42600" status="FAIL">
          <exception class="org.openqa.selenium.NoSuchElementException">
            <message>
              <![CDATA[Can't locate an element by this strategy: By.chained({By.id: org.totschnig.myexpenses:id/AccountType})]]>
            </message>
            <full-stacktrace>
              <![CDATA[org.openqa.selenium.NoSuchElementException: Can't locate an element by this strategy: By.chained({By.id: org.totschnig.myexpenses:id/AccountType})
at io.appium.java_client.pagefactory.AppiumElementLocator.findElement(AppiumElementLocator.java:148)
at io.appium.java_client.pagefactory.interceptors.InterceptorOfASingleElement.intercept(InterceptorOfASingleElement.java:60)
at io.appium.java_client.android.AndroidElement$$EnhancerByCGLIB$$b598166c.click(<generated>)
at positiveTC.NewTransactionWithdraw.createAccount(NewTransactionWithdraw.java:69)
at java.base/jdk.internal.reflect.NativeMethodAccessorImpl.invoke0(Native Method)
at java.base/jdk.internal.reflect.NativeMethodAccessorImpl.invoke(NativeMethodAccessorImpl.java:62)
at java.base/jdk.internal.reflect.DelegatingMethodAccessorImpl.invoke(DelegatingMethodAccessorImpl.java:43)
at java.base/java.lang.reflect.Method.invoke(Method.java:566)
at org.testng.internal.MethodInvocationHelper.invokeMethod(MethodInvocationHelper.java:124)
at org.testng.internal.Invoker.invokeMethod(Invoker.java:583)
at org.testng.internal.Invoker.invokeTestMethod(Invoker.java:719)
at org.testng.internal.Invoker.invokeTestMethods(Invoker.java:989)
at org.testng.internal.TestMethodWorker.invokeTestMethods(TestMethodWorker.java:125)
at org.testng.internal.TestMethodWorker.run(TestMethodWorker.java:109)
at org.testng.TestRunner.privateRun(TestRunner.java:648)
at org.testng.TestRunner.run(TestRunner.java:505)
at org.testng.SuiteRunner.runTest(SuiteRunner.java:455)
at org.testng.SuiteRunner.runSequentially(SuiteRunner.java:450)
at org.testng.SuiteRunner.privateRun(SuiteRunner.java:415)
at org.testng.SuiteRunner.run(SuiteRunner.java:364)
at org.testng.SuiteRunnerWorker.runSuite(SuiteRunnerWorker.java:52)
at org.testng.SuiteRunnerWorker.run(SuiteRunnerWorker.java:84)
at org.testng.TestNG.runSuitesSequentially(TestNG.java:1208)
at org.testng.TestNG.runSuitesLocally(TestNG.java:1137)
at org.testng.TestNG.runSuites(TestNG.java:1049)
at org.testng.TestNG.run(TestNG.java:1017)
at org.apache.maven.surefire.testng.TestNGExecutor.run(TestNGExecutor.java:281)
at org.apache.maven.surefire.testng.TestNGXmlTestSuite.execute(TestNGXmlTestSuite.java:75)
at org.apache.maven.surefire.testng.TestNGProvider.invoke(TestNGProvider.java:121)
at org.apache.maven.surefire.booter.ForkedBooter.invokeProviderInSameClassLoader(ForkedBooter.java:290)
at org.apache.maven.surefire.booter.ForkedBooter.runSuitesInProcess(ForkedBooter.java:242)
at org.apache.maven.surefire.booter.ForkedBooter.main(ForkedBooter.java:121)
Caused by: org.openqa.selenium.TimeoutException: Expected condition failed: waiting for io.appium.java_client.pagefactory.AppiumElementLocator$WaitingFunction@c6b2dd9 (tried for 1 second(s) with 500 milliseconds interval)
at org.openqa.selenium.support.ui.FluentWait.timeoutException(FluentWait.java:303)
at org.openqa.selenium.support.ui.FluentWait.until(FluentWait.java:271)
at io.appium.java_client.pagefactory.AppiumElementLocator.waitFor(AppiumElementLocator.java:121)
at io.appium.java_client.pagefactory.AppiumElementLocator.findElement(AppiumElementLocator.java:141)
... 31 more
Caused by: org.openqa.selenium.NoSuchElementException: Cannot locate an element using By.chained({By.id: org.totschnig.myexpenses:id/AccountType})
For documentation on this error, please visit: http://seleniumhq.org/exceptions/no_such_element.html
Build info: version: '3.11.0', revision: 'e59cfb3', time: '2018-03-11T20:26:55.152Z'
System info: host: 'Nonnas-MBP.domain', ip: '192.168.0.52', os.name: 'Mac OS X', os.arch: 'x86_64', os.version: '10.13.6', java.version: '11.0.1'
Driver info: driver.version: AndroidDriver
at io.appium.java_client.pagefactory.bys.builder.ByChained.findElement(ByChained.java:74)
at org.openqa.selenium.remote.RemoteWebDriver.findElement(RemoteWebDriver.java:363)
at io.appium.java_client.DefaultGenericMobileDriver.findElement(DefaultGenericMobileDriver.java:58)
at io.appium.java_client.AppiumDriver.findElement(AppiumDriver.java:1)
at io.appium.java_client.android.AndroidDriver.findElement(AndroidDriver.java:1)
at io.appium.java_client.pagefactory.bys.ContentMappedBy.findElement(ContentMappedBy.java:50)
at org.openqa.selenium.remote.RemoteWebDriver.findElement(RemoteWebDriver.java:363)
at io.appium.java_client.DefaultGenericMobileDriver.findElement(DefaultGenericMobileDriver.java:58)
at io.appium.java_client.AppiumDriver.findElement(AppiumDriver.java:1)
at io.appium.java_client.android.AndroidDriver.findElement(AndroidDriver.java:1)
at io.appium.java_client.pagefactory.AppiumElementLocator.lambda$0(AppiumElementLocator.java:142)
at io.appium.java_client.pagefactory.AppiumElementLocator$WaitingFunction.apply(AppiumElementLocator.java:194)
at io.appium.java_client.pagefactory.AppiumElementLocator$WaitingFunction.apply(AppiumElementLocator.java:1)
at org.openqa.selenium.support.ui.FluentWait.until(FluentWait.java:248)
... 33 more
]]>
            </full-stacktrace>
          </exception> <!-- org.openqa.selenium.NoSuchElementException -->
          <reporter-output>
          </reporter-output>
        </test-method> <!-- createAccount -->
        <test-method signature="newTransaction()[pri:3, instance:positiveTC.NewTransactionWithdraw@475835b1]" started-at="2018-11-29T08:20:13Z" name="newTransaction" finished-at="2018-11-29T08:20:13Z" depends-on-methods="positiveTC.NewTransactionWithdraw.createAccount" duration-ms="0" status="SKIP">
          <exception class="java.lang.Throwable">
            <message>
              <![CDATA[Method NewTransactionWithdraw.newTransaction()[pri:3, instance:positiveTC.NewTransactionWithdraw@475835b1] depends on not successfully finished methods]]>
            </message>
            <full-stacktrace>
              <![CDATA[java.lang.Throwable: Method NewTransactionWithdraw.newTransaction()[pri:3, instance:positiveTC.NewTransactionWithdraw@475835b1] depends on not successfully finished methods
at org.testng.internal.Invoker.invokeTestMethods(Invoker.java:888)
at org.testng.internal.TestMethodWorker.invokeTestMethods(TestMethodWorker.java:125)
at org.testng.internal.TestMethodWorker.run(TestMethodWorker.java:109)
at org.testng.TestRunner.privateRun(TestRunner.java:648)
at org.testng.TestRunner.run(TestRunner.java:505)
at org.testng.SuiteRunner.runTest(SuiteRunner.java:455)
at org.testng.SuiteRunner.runSequentially(SuiteRunner.java:450)
at org.testng.SuiteRunner.privateRun(SuiteRunner.java:415)
at org.testng.SuiteRunner.run(SuiteRunner.java:364)
at org.testng.SuiteRunnerWorker.runSuite(SuiteRunnerWorker.java:52)
at org.testng.SuiteRunnerWorker.run(SuiteRunnerWorker.java:84)
at org.testng.TestNG.runSuitesSequentially(TestNG.java:1208)
at org.testng.TestNG.runSuitesLocally(TestNG.java:1137)
at org.testng.TestNG.runSuites(TestNG.java:1049)
at org.testng.TestNG.run(TestNG.java:1017)
at org.apache.maven.surefire.testng.TestNGExecutor.run(TestNGExecutor.java:281)
at org.apache.maven.surefire.testng.TestNGXmlTestSuite.execute(TestNGXmlTestSuite.java:75)
at org.apache.maven.surefire.testng.TestNGProvider.invoke(TestNGProvider.java:121)
at org.apache.maven.surefire.booter.ForkedBooter.invokeProviderInSameClassLoader(ForkedBooter.java:290)
at org.apache.maven.surefire.booter.ForkedBooter.runSuitesInProcess(ForkedBooter.java:242)
at org.apache.maven.surefire.booter.ForkedBooter.main(ForkedBooter.java:121)
]]>
            </full-stacktrace>
          </exception> <!-- java.lang.Throwable -->
          <reporter-output>
          </reporter-output>
        </test-method> <!-- newTransaction -->
      </class> <!-- positiveTC.NewTransactionWithdraw -->
    </test> <!-- New transaction withdraw -->
  </suite> <!-- Positive TC -->
</testng-results>
